0 info it worked if it ends with ok
1 verbose cli [ '/usr/local/bin/node', '/usr/local/bin/npm', 'start' ]
2 info using npm@3.9.5
3 info using node@v6.2.2
4 verbose run-script [ 'prestart', 'start', 'poststart' ]
5 info lifecycle zumbi@~prestart: zumbi@
6 silly lifecycle zumbi@~prestart: no script for prestart, continuing
7 info lifecycle zumbi@~start: zumbi@
8 verbose lifecycle zumbi@~start: unsafe-perm in lifecycle true
9 verbose lifecycle zumbi@~start: PATH: /usr/local/lib/node_modules/npm/bin/node-gyp-bin:/home/rafa93br/meteor/poke-patrol-backend/node_modules/.bin:/usr/local/bin:/usr/local/heroku/bin:/home/rafa93br/.local/share/umake/bin:/usr/local/sbin:/usr/local/bin:/usr/sbin:/usr/bin:/sbin:/bin:/usr/games:/usr/local/games:/snap/bin
10 verbose lifecycle zumbi@~start: CWD: /home/rafa93br/meteor/poke-patrol-backend
11 silly lifecycle zumbi@~start: Args: [ '-c', 'meteor run' ]
12 silly lifecycle zumbi@~start: Returned: code: 254  signal: null
13 info lifecycle zumbi@~start: Failed to exec start script
14 verbose stack Error: zumbi@ start: `meteor run`
14 verbose stack Exit status 254
14 verbose stack     at EventEmitter.<anonymous> (/usr/local/lib/node_modules/npm/lib/utils/lifecycle.js:245:16)
14 verbose stack     at emitTwo (events.js:106:13)
14 verbose stack     at EventEmitter.emit (events.js:191:7)
14 verbose stack     at ChildProcess.<anonymous> (/usr/local/lib/node_modules/npm/lib/utils/spawn.js:24:14)
14 verbose stack     at emitTwo (events.js:106:13)
14 verbose stack     at ChildProcess.emit (events.js:191:7)
14 verbose stack     at maybeClose (internal/child_process.js:852:16)
14 verbose stack     at Process.ChildProcess._handle.onexit (internal/child_process.js:215:5)
15 verbose pkgid zumbi@
16 verbose cwd /home/rafa93br/meteor/poke-patrol-backend
17 error Linux 4.4.0-34-generic
18 error argv "/usr/local/bin/node" "/usr/local/bin/npm" "start"
19 error node v6.2.2
20 error npm  v3.9.5
21 error code ELIFECYCLE
22 error zumbi@ start: `meteor run`
22 error Exit status 254
23 error Failed at the zumbi@ start script 'meteor run'.
23 error Make sure you have the latest version of node.js and npm installed.
23 error If you do, this is most likely a problem with the zumbi package,
23 error not with npm itself.
23 error Tell the author that this fails on your system:
23 error     meteor run
23 error You can get information on how to open an issue for this project with:
23 error     npm bugs zumbi
23 error Or if that isn't available, you can get their info via:
23 error     npm owner ls zumbi
23 error There is likely additional logging output above.
24 verbose exit [ 1, true ]
